CampusMarket/app/build/intermediates/manifest_merge_blame_file/debug/processDebugMainManifest/manifest-merger-blame-debug-report.txt
1<?xml version="1.0" encoding="utf-8"?>
2<manifest xmlns:android="http://schemas.android.com/apk/res/android"
3    package="com.example.campusmarket"
4    android:versionCode="1"
5    android:versionName="1.0" >
6
7    <uses-sdk
7-->INJECTED
8        android:minSdkVersion="24"
8-->INJECTED
9        android:targetSdkVersion="36" />
9-->INJECTED
10
11    <uses-permission android:name="android.permission.INTERNET" />
11-->src\main\AndroidManifest.xml:5:5-67
11-->src\main\AndroidManifest.xml:5:22-64
12
13    <permission
13-->[androidx.core:core:1.18.0] AndroidManifest.xml:22:5-24:47
14        android:name="com.example.campusmarket.DYNAMIC_RECEIVER_NOT_EXPORTED_PERMISSION"
14-->[androidx.core:core:1.18.0] AndroidManifest.xml:23:9-81
15        android:protectionLevel="signature" />
15-->[androidx.core:core:1.18.0] AndroidManifest.xml:24:9-44
16
17    <uses-permission android:name="com.example.campusmarket.DYNAMIC_RECEIVER_NOT_EXPORTED_PERMISSION" />
17-->[androidx.core:core:1.18.0] AndroidManifest.xml:26:5-97
17-->[androidx.core:core:1.18.0] AndroidManifest.xml:26:22-94
18
19    <meta-data
19-->[com.kakao.maps.open:android:2.13.1] AndroidManifest.xml:7:5-9:29
20        android:name="com.kakao.vectormap.version.code"
20-->[com.kakao.maps.open:android:2.13.1] AndroidManifest.xml:8:9-56
21        android:value="1" />
21-->[com.kakao.maps.open:android:2.13.1] AndroidManifest.xml:9:9-26
22
23    <application
23-->src\main\AndroidManifest.xml:7:5-75:19
24        android:name="com.example.campusmarket.GlobalApplication"
24-->src\main\AndroidManifest.xml:8:9-42
25        android:allowBackup="true"
25-->src\main\AndroidManifest.xml:9:9-35
26        android:appComponentFactory="androidx.core.app.CoreComponentFactory"
26-->[androidx.core:core:1.18.0] AndroidManifest.xml:28:18-86
27        android:dataExtractionRules="@xml/data_extraction_rules"
27-->src\main\AndroidManifest.xml:10:9-65
28        android:debuggable="true"
29        android:extractNativeLibs="false"
29-->INJECTED
30        android:fullBackupContent="@xml/backup_rules"
30-->src\main\AndroidManifest.xml:11:9-54
31        android:icon="@mipmap/ic_launcher"
31-->src\main\AndroidManifest.xml:12:9-43
32        android:label="@string/app_name"
32-->src\main\AndroidManifest.xml:13:9-41
33        android:roundIcon="@mipmap/ic_launcher_round"
33-->src\main\AndroidManifest.xml:14:9-54
34        android:supportsRtl="true"
34-->src\main\AndroidManifest.xml:15:9-35
35        android:testOnly="true"
36        android:theme="@style/Theme.CampusMarket" >
36-->src\main\AndroidManifest.xml:16:9-50
37        <activity
37-->src\main\AndroidManifest.xml:19:9-27:20
38            android:name="com.example.campusmarket.StartActivity"
38-->src\main\AndroidManifest.xml:20:13-42
39            android:exported="true" >
39-->src\main\AndroidManifest.xml:21:13-36
40            <intent-filter>
40-->src\main\AndroidManifest.xml:22:13-26:29
41                <action android:name="android.intent.action.MAIN" />
41-->src\main\AndroidManifest.xml:23:17-69
41-->src\main\AndroidManifest.xml:23:25-66
42
43                <category android:name="android.intent.category.LAUNCHER" />
43-->src\main\AndroidManifest.xml:25:17-77
43-->src\main\AndroidManifest.xml:25:27-74
44            </intent-filter>
45        </activity>
46        <activity
46-->src\main\AndroidManifest.xml:28:9-30:40
47            android:name="com.example.campusmarket.RewriteProductAcitivity"
47-->src\main\AndroidManifest.xml:29:13-52
48            android:exported="false" />
48-->src\main\AndroidManifest.xml:30:13-37
49        <activity
49-->src\main\AndroidManifest.xml:31:9-33:40
50            android:name="com.example.campusmarket.StartGetInfo"
50-->src\main\AndroidManifest.xml:32:13-41
51            android:exported="false" />
51-->src\main\AndroidManifest.xml:33:13-37
52        <activity
52-->src\main\AndroidManifest.xml:34:9-36:40
53            android:name="com.example.campusmarket.FinishSellActivity"
53-->src\main\AndroidManifest.xml:35:13-47
54            android:exported="false" />
54-->src\main\AndroidManifest.xml:36:13-37
55        <activity
55-->src\main\AndroidManifest.xml:37:9-39:40
56            android:name="com.example.campusmarket.MyMarketDetail"
56-->src\main\AndroidManifest.xml:38:13-43
57            android:exported="false" />
57-->src\main\AndroidManifest.xml:39:13-37
58        <activity
58-->src\main\AndroidManifest.xml:40:9-42:40
59            android:name="com.example.campusmarket.SellDetailActivity"
59-->src\main\AndroidManifest.xml:41:13-47
60            android:exported="false" />
60-->src\main\AndroidManifest.xml:42:13-37
61        <activity
61-->src\main\AndroidManifest.xml:43:9-45:40
62            android:name="com.example.campusmarket.SellActivity"
62-->src\main\AndroidManifest.xml:44:13-41
63            android:exported="false" />
63-->src\main\AndroidManifest.xml:45:13-37
64        <activity
64-->src\main\AndroidManifest.xml:46:9-48:40
65            android:name="com.example.campusmarket.MyMarketActivity"
65-->src\main\AndroidManifest.xml:47:13-45
66            android:exported="false" />
66-->src\main\AndroidManifest.xml:48:13-37
67        <activity
67-->src\main\AndroidManifest.xml:49:9-51:40
68            android:name="com.example.campusmarket.LockerMapActivity"
68-->src\main\AndroidManifest.xml:50:13-46
69            android:exported="false" />
69-->src\main\AndroidManifest.xml:51:13-37
70        <activity
70-->src\main\AndroidManifest.xml:52:9-54:40
71            android:name="com.example.campusmarket.MyTimeTableActivity"
71-->src\main\AndroidManifest.xml:53:13-48
72            android:exported="false" />
72-->src\main\AndroidManifest.xml:54:13-37
73        <activity
73-->src\main\AndroidManifest.xml:55:9-57:40
74            android:name="com.example.campusmarket.MypageListActivity"
74-->src\main\AndroidManifest.xml:56:13-47
75            android:exported="false" />
75-->src\main\AndroidManifest.xml:57:13-37
76        <activity
76-->src\main\AndroidManifest.xml:58:9-60:40
77            android:name="com.example.campusmarket.MypageActivity"
77-->src\main\AndroidManifest.xml:59:13-43
78            android:exported="false" />
78-->src\main\AndroidManifest.xml:60:13-37
79        <activity
79-->src\main\AndroidManifest.xml:61:9-63:40
80            android:name="com.example.campusmarket.ProductDetailActivity"
80-->src\main\AndroidManifest.xml:62:13-50
81            android:exported="false" />
81-->src\main\AndroidManifest.xml:63:13-37
82        <activity
82-->src\main\AndroidManifest.xml:64:9-66:40
83            android:name="com.example.campusmarket.MarketActivity"
83-->src\main\AndroidManifest.xml:65:13-43
84            android:exported="false" />
84-->src\main\AndroidManifest.xml:66:13-37
85        <activity
85-->src\main\AndroidManifest.xml:67:9-69:40
86            android:name="com.example.campusmarket.UserMarketActivity"
86-->src\main\AndroidManifest.xml:68:13-47
87            android:exported="false" />
87-->src\main\AndroidManifest.xml:69:13-37
88        <activity
88-->src\main\AndroidManifest.xml:70:9-72:40
89            android:name="com.example.campusmarket.MarketListActivity"
89-->src\main\AndroidManifest.xml:71:13-47
90            android:exported="false" />
90-->src\main\AndroidManifest.xml:72:13-37
91        <activity
91-->[androidx.compose.ui:ui-test-manifest:1.9.2] AndroidManifest.xml:23:9-26:79
92            android:name="androidx.activity.ComponentActivity"
92-->[androidx.compose.ui:ui-test-manifest:1.9.2] AndroidManifest.xml:24:13-63
93            android:exported="true"
93-->[androidx.compose.ui:ui-test-manifest:1.9.2] AndroidManifest.xml:25:13-36
94            android:theme="@android:style/Theme.Material.Light.NoActionBar" />
94-->[androidx.compose.ui:ui-test-manifest:1.9.2] AndroidManifest.xml:26:13-76
95        <activity
95-->[androidx.compose.ui:ui-tooling-android:1.9.2] AndroidManifest.xml:23:9-25:39
96            android:name="androidx.compose.ui.tooling.PreviewActivity"
96-->[androidx.compose.ui:ui-tooling-android:1.9.2] AndroidManifest.xml:24:13-71
97            android:exported="true" />
97-->[androidx.compose.ui:ui-tooling-android:1.9.2] AndroidManifest.xml:25:13-36
98
99        <provider
99-->[androidx.emoji2:emoji2:1.4.0] AndroidManifest.xml:24:9-32:20
100            android:name="androidx.startup.InitializationProvider"
100-->[androidx.emoji2:emoji2:1.4.0] AndroidManifest.xml:25:13-67
101            android:authorities="com.example.campusmarket.androidx-startup"
101-->[androidx.emoji2:emoji2:1.4.0] AndroidManifest.xml:26:13-68
102            android:exported="false" >
102-->[androidx.emoji2:emoji2:1.4.0] AndroidManifest.xml:27:13-37
103            <meta-data
103-->[androidx.emoji2:emoji2:1.4.0] AndroidManifest.xml:29:13-31:52
104                android:name="androidx.emoji2.text.EmojiCompatInitializer"
104-->[androidx.emoji2:emoji2:1.4.0] AndroidManifest.xml:30:17-75
105                android:value="androidx.startup" />
105-->[androidx.emoji2:emoji2:1.4.0] AndroidManifest.xml:31:17-49
106            <meta-data
106-->[androidx.lifecycle:lifecycle-process:2.9.4] AndroidManifest.xml:29:13-31:52
107                android:name="androidx.lifecycle.ProcessLifecycleInitializer"
107-->[androidx.lifecycle:lifecycle-process:2.9.4] AndroidManifest.xml:30:17-78
108                android:value="androidx.startup" />
108-->[androidx.lifecycle:lifecycle-process:2.9.4] AndroidManifest.xml:31:17-49
109            <meta-data
109-->[androidx.profileinstaller:profileinstaller:1.4.0] AndroidManifest.xml:29:13-31:52
110                android:name="androidx.profileinstaller.ProfileInstallerInitializer"
110-->[androidx.profileinstaller:profileinstaller:1.4.0] AndroidManifest.xml:30:17-85
111                android:value="androidx.startup" />
111-->[androidx.profileinstaller:profileinstaller:1.4.0] AndroidManifest.xml:31:17-49
112        </provider>
113
114        <receiver
114-->[androidx.profileinstaller:profileinstaller:1.4.0] AndroidManifest.xml:34:9-52:20
115            android:name="androidx.profileinstaller.ProfileInstallReceiver"
115-->[androidx.profileinstaller:profileinstaller:1.4.0] AndroidManifest.xml:35:13-76
116            android:directBootAware="false"
116-->[androidx.profileinstaller:profileinstaller:1.4.0] AndroidManifest.xml:36:13-44
117            android:enabled="true"
117-->[androidx.profileinstaller:profileinstaller:1.4.0] AndroidManifest.xml:37:13-35
118            android:exported="true"
118-->[androidx.profileinstaller:profileinstaller:1.4.0] AndroidManifest.xml:38:13-36
119            android:permission="android.permission.DUMP" >
119-->[androidx.profileinstaller:profileinstaller:1.4.0] AndroidManifest.xml:39:13-57
120            <intent-filter>
120-->[androidx.profileinstaller:profileinstaller:1.4.0] AndroidManifest.xml:40:13-42:29
121                <action android:name="androidx.profileinstaller.action.INSTALL_PROFILE" />
121-->[androidx.profileinstaller:profileinstaller:1.4.0] AndroidManifest.xml:41:17-91
121-->[androidx.profileinstaller:profileinstaller:1.4.0] AndroidManifest.xml:41:25-88
122            </intent-filter>
123            <intent-filter>
123-->[androidx.profileinstaller:profileinstaller:1.4.0] AndroidManifest.xml:43:13-45:29
124                <action android:name="androidx.profileinstaller.action.SKIP_FILE" />
124-->[androidx.profileinstaller:profileinstaller:1.4.0] AndroidManifest.xml:44:17-85
124-->[androidx.profileinstaller:profileinstaller:1.4.0] AndroidManifest.xml:44:25-82
125            </intent-filter>
126            <intent-filter>
126-->[androidx.profileinstaller:profileinstaller:1.4.0] AndroidManifest.xml:46:13-48:29
127                <action android:name="androidx.profileinstaller.action.SAVE_PROFILE" />
127-->[androidx.profileinstaller:profileinstaller:1.4.0] AndroidManifest.xml:47:17-88
127-->[androidx.profileinstaller:profileinstaller:1.4.0] AndroidManifest.xml:47:25-85
128            </intent-filter>
129            <intent-filter>
129-->[androidx.profileinstaller:profileinstaller:1.4.0] AndroidManifest.xml:49:13-51:29
130                <action android:name="androidx.profileinstaller.action.BENCHMARK_OPERATION" />
130-->[androidx.profileinstaller:profileinstaller:1.4.0] AndroidManifest.xml:50:17-95
130-->[androidx.profileinstaller:profileinstaller:1.4.0] AndroidManifest.xml:50:25-92
131            </intent-filter>
132        </receiver>
133    </application>
134
135</manifest>